[2025-09-14 06:47:27] [INFO] Application Health Checker started with parameters: Verbose=True, AutoRecover=False, MonitorMode=False
[2025-09-14 06:47:27] [INFO] === Starting NOOR Canvas Application Health Check ===
[2025-09-14 06:47:27] [INFO] Starting process health check...
[2025-09-14 06:47:27] [INFO] Found process: dotnet (PID: 33616)
[2025-09-14 06:47:27] [INFO] Found process: dotnet (PID: 36800)
[2025-09-14 06:47:27] [INFO] Starting port binding analysis...
[2025-09-14 06:47:27] [INFO] Port 9090 bound to PID 8896 in state LISTENING
[2025-09-14 06:47:27] [INFO] Port 9090 bound to PID 8896 in state LISTENING
[2025-09-14 06:47:27] [INFO] Port 9091 bound to PID 8896 in state LISTENING
[2025-09-14 06:47:27] [INFO] Port 9091 bound to PID 8896 in state LISTENING
[2025-09-14 06:47:27] [INFO] Port 9091 bound to PID 8896 in state ESTABLISHED
[2025-09-14 06:47:27] [INFO] Starting connectivity tests...
[2025-09-14 06:47:27] [ERROR] HTTPS connection failed: The underlying connection was closed: An unexpected error occurred on a send.
[2025-09-14 06:47:27] [ERROR] HTTP connection failed: The underlying connection was closed: An unexpected error occurred on a send.
[2025-09-14 06:47:27] [INFO] Testing health endpoint...
[2025-09-14 06:47:27] [WARN] Health endpoint failed: https://localhost:9091/healthz - The underlying connection was closed: An unexpected error occurred on a send.
[2025-09-14 06:47:27] [WARN] Health endpoint failed: http://localhost:9090/healthz - The underlying connection was closed: An unexpected error occurred on a send.
[2025-09-14 06:47:27] [ERROR] Health checker error: Cannot bind parameter because parameter 'Parent' is specified more than once. To provide multiple values to parameters that can accept multiple values, use the array syntax. For example, "-parameter value1,value2,value3".
[2025-09-14 06:47:52] [INFO] Application Health Checker started with parameters: Verbose=True, AutoRecover=False, MonitorMode=False
[2025-09-14 06:47:52] [INFO] === Starting NOOR Canvas Application Health Check ===
[2025-09-14 06:47:52] [INFO] Starting process health check...
[2025-09-14 06:47:52] [INFO] Found process: dotnet (PID: 33616)
[2025-09-14 06:47:52] [INFO] Found process: dotnet (PID: 36800)
[2025-09-14 06:47:52] [INFO] Starting port binding analysis...
[2025-09-14 06:47:52] [INFO] Port 9090 bound to PID 8896 in state LISTENING
[2025-09-14 06:47:52] [INFO] Port 9090 bound to PID 8896 in state LISTENING
[2025-09-14 06:47:52] [INFO] Port 9091 bound to PID 8896 in state LISTENING
[2025-09-14 06:47:52] [INFO] Port 9091 bound to PID 8896 in state LISTENING
[2025-09-14 06:47:52] [INFO] Port 9091 bound to PID 8896 in state ESTABLISHED
[2025-09-14 06:47:52] [INFO] Starting connectivity tests...
[2025-09-14 06:47:57] [ERROR] HTTPS connection failed: The underlying connection was closed: An unexpected error occurred on a send.
[2025-09-14 06:47:57] [ERROR] HTTP connection failed: The underlying connection was closed: An unexpected error occurred on a send.
[2025-09-14 06:47:57] [INFO] Testing health endpoint...
[2025-09-14 06:47:57] [WARN] Health endpoint failed: https://localhost:9091/healthz - The underlying connection was closed: An unexpected error occurred on a send.
[2025-09-14 06:47:57] [WARN] Health endpoint failed: http://localhost:9090/healthz - The underlying connection was closed: An unexpected error occurred on a send.
[2025-09-14 06:47:57] [ERROR] Health checker error: Cannot bind argument to parameter 'Path' because it is null.
[2025-09-14 06:48:31] [INFO] Application Health Checker started with parameters: Verbose=True, AutoRecover=False, MonitorMode=False
[2025-09-14 06:48:31] [INFO] === Starting NOOR Canvas Application Health Check ===
[2025-09-14 06:48:31] [INFO] Starting process health check...
[2025-09-14 06:48:31] [INFO] Found process: dotnet (PID: 33616)
[2025-09-14 06:48:31] [INFO] Found process: dotnet (PID: 36800)
[2025-09-14 06:48:31] [INFO] Starting port binding analysis...
[2025-09-14 06:48:31] [INFO] Port 9090 bound to PID 8896 in state LISTENING
[2025-09-14 06:48:31] [INFO] Port 9090 bound to PID 8896 in state LISTENING
[2025-09-14 06:48:32] [INFO] Port 9091 bound to PID 8896 in state LISTENING
[2025-09-14 06:48:32] [INFO] Port 9091 bound to PID 8896 in state LISTENING
[2025-09-14 06:48:32] [INFO] Port 9091 bound to PID 8896 in state ESTABLISHED
[2025-09-14 06:48:32] [INFO] Starting connectivity tests...
[2025-09-14 06:48:32] [ERROR] HTTPS connection failed: The underlying connection was closed: An unexpected error occurred on a send.
[2025-09-14 06:48:32] [ERROR] HTTP connection failed: The underlying connection was closed: An unexpected error occurred on a send.
[2025-09-14 06:48:32] [INFO] Testing health endpoint...
[2025-09-14 06:48:32] [WARN] Health endpoint failed: https://localhost:9091/healthz - The underlying connection was closed: An unexpected error occurred on a send.
[2025-09-14 06:48:32] [WARN] Health endpoint failed: http://localhost:9090/healthz - The underlying connection was closed: An unexpected error occurred on a send.
[2025-09-14 06:48:32] [INFO] Health check completed. Status: CRITICAL
[2025-09-14 06:48:32] [INFO] Application Health Checker completed
[2025-09-14 06:55:36] [INFO] Application Health Checker started with parameters: Verbose=True, AutoRecover=False, MonitorMode=False
[2025-09-14 06:55:37] [INFO] === Starting NOOR Canvas Application Health Check ===
[2025-09-14 06:55:37] [INFO] Starting process health check...
[2025-09-14 06:55:37] [INFO] Found process: dotnet (PID: 33616)
[2025-09-14 06:55:37] [INFO] Found process: dotnet (PID: 36800)
[2025-09-14 06:55:37] [INFO] Starting port binding analysis...
[2025-09-14 06:55:37] [INFO] Port 9090 bound to PID 8896 in state LISTENING
[2025-09-14 06:55:37] [INFO] Port 9090 bound to PID 8896 in state LISTENING
[2025-09-14 06:55:37] [INFO] Port 9091 bound to PID 8896 in state LISTENING
[2025-09-14 06:55:37] [INFO] Port 9091 bound to PID 8896 in state LISTENING
[2025-09-14 06:55:37] [INFO] Port 9091 bound to PID 8896 in state ESTABLISHED
[2025-09-14 06:55:37] [INFO] Starting connectivity tests...
[2025-09-14 06:55:37] [ERROR] HTTPS connection failed: The underlying connection was closed: An unexpected error occurred on a send.
[2025-09-14 06:55:37] [ERROR] HTTP connection failed: The underlying connection was closed: An unexpected error occurred on a send.
[2025-09-14 06:55:37] [INFO] Testing health endpoint...
[2025-09-14 06:55:37] [WARN] Health endpoint failed: https://localhost:9091/healthz - The underlying connection was closed: An unexpected error occurred on a send.
[2025-09-14 06:55:37] [WARN] Health endpoint failed: http://localhost:9090/healthz - The underlying connection was closed: An unexpected error occurred on a send.
[2025-09-14 06:55:37] [INFO] Health check completed. Status: CRITICAL
[2025-09-14 06:55:37] [INFO] Application Health Checker completed
